#
# There is insufficient memory for the Java Runtime Environment to continue.
# Native memory allocation (malloc) failed to allocate 376656 bytes for Chunk::new
# Possible reasons:
#   The system is out of physical RAM or swap space
#   The process is running with CompressedOops enabled, and the Java Heap may be blocking the growth of the native heap
# Possible solutions:
#   Reduce memory load on the system
#   Increase physical memory or swap space
#   Check if swap backing store is full
#   Decrease Java heap size (-Xmx/-Xms)
#   Decrease number of Java threads
#   Decrease Java thread stack sizes (-Xss)
#   Set larger code cache with -XX:ReservedCodeCacheSize=
#   JVM is running with Unscaled Compressed Oops mode in which the Java heap is
#     placed in the first 4GB address space. The Java Heap base address is the
#     maximum limit for the native heap growth. Please use -XX:HeapBaseMinAddress
#     to set the Java Heap base and to place the Java Heap above 4GB virtual address.
# This output file may be truncated or incomplete.
#
#  Out of Memory Error (arena.cpp:189), pid=26608, tid=32624
#
# JRE version: Java(TM) SE Runtime Environment (17.0.13+10) (build 17.0.13+10-LTS-268)
# Java VM: Java HotSpot(TM) 64-Bit Server VM (17.0.13+10-LTS-268, mixed mode, sharing, tiered, compressed oops, compressed class ptrs, g1 gc, windows-amd64)
# No core dump will be written. Minidumps are not enabled by default on client versions of Windows
#

---------------  S U M M A R Y ------------

Command Line: -javaagent:C:\Program Files\JetBrains\IntelliJ IDEA Community Edition 2023.3.4\lib\idea_rt.jar=57821:C:\Program Files\JetBrains\IntelliJ IDEA Community Edition 2023.3.4\bin -Dfile.encoding=UTF-8 com.example.gearup.GearupApplication

Host: 11th Gen Intel(R) Core(TM) i5-1135G7 @ 2.40GHz, 8 cores, 7G,  Windows 11 , 64 bit Build 22621 (10.0.22621.4391)
Time: Mon Dec 16 06:05:04 2024 Sri Lanka Standard Time elapsed time: 0.916236 seconds (0d 0h 0m 0s)

---------------  T H R E A D  ---------------

Current thread (0x0000026720a13f40):  JavaThread "C2 CompilerThread0" daemon [_thread_in_native, id=32624, stack(0x0000006e31000000,0x0000006e31100000)]


Current CompileTask:
C2:    916  713   !   4       java.util.zip.ZipFile::getEntry (59 bytes)

Stack: [0x0000006e31000000,0x0000006e31100000]
Native frames: (J=compiled Java code, j=interpreted, Vv=VM code, C=native code)
V  [jvm.dll+0x67a23a]
V  [jvm.dll+0x7da96d]
V  [jvm.dll+0x7dc2b3]
V  [jvm.dll+0x7dc923]
V  [jvm.dll+0x2450ef]
V  [jvm.dll+0xab793]
V  [jvm.dll+0xabd5c]
V  [jvm.dll+0x361d5e]
V  [jvm.dll+0x32c491]
V  [jvm.dll+0x32b92a]
V  [jvm.dll+0x21689f]
V  [jvm.dll+0x215ccf]
V  [jvm.dll+0x1a2980]
V  [jvm.dll+0x22616b]
V  [jvm.dll+0x22430b]
V  [jvm.dll+0x790a8c]
V  [jvm.dll+0x78af1a]
V  [jvm.dll+0x679125]
C  [ucrtbase.dll+0x29333]
C  [KERNEL32.DLL+0x1259d]
C  [ntdll.dll+0x5af38]


---------------  P R O C E S S  ---------------

Threads class SMR info:
_java_thread_list=0x000002676633c6e0, length=14, elements={
0x0000026702a5ed60, 0x00000267209f5c20, 0x00000267209f65e0, 0x0000026720a06430,
0x0000026720a07e00, 0x0000026720a0a7d0, 0x0000026720a0b190, 0x0000026720a13f40,
0x0000026720a1eaa0, 0x0000026720a310a0, 0x00000267209e0390, 0x0000026720cfd300,
0x0000026720e7a960, 0x00000267663b96d0
}

Java Threads: ( => current thread )
  0x0000026702a5ed60 JavaThread "main" [_thread_in_Java, id=27436, stack(0x0000006e30300000,0x0000006e30400000)]
  0x00000267209f5c20 JavaThread "Reference Handler" daemon [_thread_blocked, id=21772, stack(0x0000006e30a00000,0x0000006e30b00000)]
  0x00000267209f65e0 JavaThread "Finalizer" daemon [_thread_blocked, id=15992, stack(0x0000006e30b00000,0x0000006e30c00000)]
  0x0000026720a06430 JavaThread "Signal Dispatcher" daemon [_thread_blocked, id=26112, stack(0x0000006e30c00000,0x0000006e30d00000)]
  0x0000026720a07e00 JavaThread "Attach Listener" daemon [_thread_blocked, id=23720, stack(0x0000006e30d00000,0x0000006e30e00000)]
  0x0000026720a0a7d0 JavaThread "Service Thread" daemon [_thread_blocked, id=30256, stack(0x0000006e30e00000,0x0000006e30f00000)]
  0x0000026720a0b190 JavaThread "Monitor Deflation Thread" daemon [_thread_blocked, id=31928, stack(0x0000006e30f00000,0x0000006e31000000)]
=>0x0000026720a13f40 JavaThread "C2 CompilerThread0" daemon [_thread_in_native, id=32624, stack(0x0000006e31000000,0x0000006e31100000)]
  0x0000026720a1eaa0 JavaThread "C1 CompilerThread0" daemon [_thread_in_native, id=30524, stack(0x0000006e31100000,0x0000006e31200000)]
  0x0000026720a310a0 JavaThread "Sweeper thread" daemon [_thread_blocked, id=30976, stack(0x0000006e31200000,0x0000006e31300000)]
  0x00000267209e0390 JavaThread "Common-Cleaner" daemon [_thread_blocked, id=23076, stack(0x0000006e31300000,0x0000006e31400000)]
  0x0000026720cfd300 JavaThread "Monitor Ctrl-Break" daemon [_thread_in_native, id=6208, stack(0x0000006e31400000,0x0000006e31500000)]
  0x0000026720e7a960 JavaThread "Notification Thread" daemon [_thread_blocked, id=23912, stack(0x0000006e31500000,0x0000006e31600000)]
  0x00000267663b96d0 JavaThread "C2 CompilerThread1" daemon [_thread_in_native, id=21792, stack(0x0000006e31700000,0x0000006e31800000)]

Other Threads:
  0x00000267209f2280 VMThread "VM Thread" [stack: 0x0000006e30900000,0x0000006e30a00000] [id=33644]
  0x0000026702aee750 WatcherThread [stack: 0x0000006e31600000,0x0000006e31700000] [id=33680]
  0x0000026702ab8a10 GCTaskThread "GC Thread#0" [stack: 0x0000006e30400000,0x0000006e30500000] [id=20928]
  0x0000026702ac9120 ConcurrentGCThread "G1 Main Marker" [stack: 0x0000006e30500000,0x0000006e30600000] [id=30808]
  0x0000026702ac9b30 ConcurrentGCThread "G1 Conc#0" [stack: 0x0000006e30600000,0x0000006e30700000] [id=22796]
  0x00000267208a30d0 ConcurrentGCThread "G1 Refine#0" [stack: 0x0000006e30700000,0x0000006e30800000] [id=2508]
  0x00000267208a3b00 ConcurrentGCThread "G1 Service" [stack: 0x0000006e30800000,0x0000006e30900000] [id=17088]

Threads with active compile tasks:
C2 CompilerThread0      947  713   !   4       java.util.zip.ZipFile::getEntry (59 bytes)
C1 CompilerThread0      947  772       3       java.io.WinNTFileSystem::resolve (275 bytes)
C2 CompilerThread1      947  738       4       java.util.jar.JarFile::getEntry (35 bytes)

VM state: not at safepoint (normal execution)

VM Mutex/Monitor currently owned by a thread: None

Heap address: 0x0000000084200000, size: 1982 MB, Compressed Oops mode: 32-bit

CDS archive(s) mapped at: [0x0000026721000000-0x0000026721bd0000-0x0000026721bd0000), size 12386304, SharedBaseAddress: 0x0000026721000000, ArchiveRelocationMode: 1.
Compressed class space mapped at: 0x0000026722000000-0x0000026762000000, reserved size: 1073741824
Narrow klass base: 0x0000026721000000, Narrow klass shift: 0, Narrow klass range: 0x100000000

GC Precious Log:
 CPUs: 8 total, 8 available
 Memory: 7926M
 Large Page Support: Disabled
 NUMA Support: Disabled
 Compressed Oops: Enabled (32-bit)
 Heap Region Size: 1M
 Heap Min Capacity: 8M
 Heap Initial Capacity: 124M
 Heap Max Capacity: 1982M
 Pre-touch: Disabled
 Parallel Workers: 8
 Concurrent Workers: 2
 Concurrent Refinement Workers: 8
 Periodic GC: Disabled

Heap:
 garbage-first heap   total 126976K, used 15360K [0x0000000084200000, 0x0000000100000000)
  region size 1024K, 14 young (14336K), 0 survivors (0K)
 Metaspace       used 3276K, committed 3456K, reserved 1114112K
  class space    used 334K, committed 448K, reserved 1048576K

Heap Regions: E=young(eden), S=young(survivor), O=old, HS=humongous(starts), HC=humongous(continues), CS=collection set, F=free, OA=open archive, CA=closed archive, TAMS=top-at-mark-start (previous, next)
|   0|0x0000000084200000, 0x0000000084300000, 0x0000000084300000|100%|HS|  |TAMS 0x0000000084200000, 0x0000000084200000| Complete 
|   1|0x0000000084300000, 0x0000000084400000, 0x0000000084400000|100%|HS|  |TAMS 0x0000000084300000, 0x0000000084300000| Complete 
|   2|0x0000000084400000, 0x0000000084400000, 0x0000000084500000|  0%| F|  |TAMS 0x0000000084400000, 0x0000000084400000| Untracked 
|   3|0x0000000084500000, 0x0000000084500000, 0x0000000084600000|  0%| F|  |TAMS 0x0000000084500000, 0x0000000084500000| Untracked 
|   4|0x0000000084600000, 0x0000000084600000, 0x0000000084700000|  0%| F|  |TAMS 0x0000000084600000, 0x0000000084600000| Untracked 
|   5|0x0000000084700000, 0x0000000084700000, 0x0000000084800000|  0%| F|  |TAMS 0x0000000084700000, 0x0000000084700000| Untracked 
|   6|0x0000000084800000, 0x0000000084800000, 0x0000000084900000|  0%| F|  |TAMS 0x0000000084800000, 0x0000000084800000| Untracked 
|   7|0x0000000084900000, 0x0000000084900000, 0x0000000084a00000|  0%| F|  |TAMS 0x0000000084900000, 0x0000000084900000| Untracked 
|   8|0x0000000084a00000, 0x0000000084a00000, 0x0000000084b00000|  0%| F|  |TAMS 0x0000000084a00000, 0x0000000084a00000| Untracked 
|   9|0x0000000084b00000, 0x0000000084b00000, 0x0000000084c00000|  0%| F|  |TAMS 0x0000000084b00000, 0x0000000084b00000| Untracked 
|  10|0x0000000084c00000, 0x0000000084c00000, 0x0000000084d00000|  0%| F|  |TAMS 0x0000000084c00000, 0x0000000084c00000| Untracked 
|  11|0x0000000084d00000, 0x0000000084d00000, 0x0000000084e00000|  0%| F|  |TAMS 0x0000000084d00000, 0x0000000084d00000| Untracked 
|  12|0x0000000084e00000, 0x0000000084e00000, 0x0000000084f00000|  0%| F|  |TAMS 0x0000000084e00000, 0x0000000084e00000| Untracked 
|  13|0x0000000084f00000, 0x0000000084f00000, 0x0000000085000000|  0%| F|  |TAMS 0x0000000084f00000, 0x0000000084f00000| Untracked 
|  14|0x0000000085000000, 0x0000000085000000, 0x0000000085100000|  0%| F|  |TAMS 0x0000000085000000, 0x0000000085000000| Untracked 
|  15|0x0000000085100000, 0x0000000085100000, 0x0000000085200000|  0%| F|  |TAMS 0x0000000085100000, 0x0000000085100000| Untracked 
|  16|0x0000000085200000, 0x0000000085200000, 0x0000000085300000|  0%| F|  |TAMS 0x0000000085200000, 0x0000000085200000| Untracked 
|  17|0x0000000085300000, 0x0000000085300000, 0x0000000085400000|  0%| F|  |TAMS 0x0000000085300000, 0x0000000085300000| Untracked 
|  18|0x0000000085400000, 0x0000000085400000, 0x0000000085500000|  0%| F|  |TAMS 0x0000000085400000, 0x0000000085400000| Untracked 
|  19|0x0000000085500000, 0x0000000085500000, 0x0000000085600000|  0%| F|  |TAMS 0x0000000085500000, 0x0000000085500000| Untracked 
|  20|0x0000000085600000, 0x0000000085600000, 0x0000000085700000|  0%| F|  |TAMS 0x0000000085600000, 0x0000000085600000| Untracked 
|  21|0x0000000085700000, 0x0000000085700000, 0x0000000085800000|  0%| F|  |TAMS 0x0000000085700000, 0x0000000085700000| Untracked 
|  22|0x0000000085800000, 0x0000000085800000, 0x0000000085900000|  0%| F|  |TAMS 0x0000000085800000, 0x0000000085800000| Untracked 
|  23|0x0000000085900000, 0x0000000085900000, 0x0000000085a00000|  0%| F|  |TAMS 0x0000000085900000, 0x0000000085900000| Untracked 
|  24|0x0000000085a00000, 0x0000000085a00000, 0x0000000085b00000|  0%| F|  |TAMS 0x0000000085a00000, 0x0000000085a00000| Untracked 
|  25|0x0000000085b00000, 0x0000000085b00000, 0x0000000085c00000|  0%| F|  |TAMS 0x0000000085b00000, 0x0000000085b00000| Untracked 
|  26|0x0000000085c00000, 0x0000000085c00000, 0x0000000085d00000|  0%| F|  |TAMS 0x0000000085c00000, 0x0000000085c00000| Untracked 
|  27|0x0000000085d00000, 0x0000000085d00000, 0x0000000085e00000|  0%| F|  |TAMS 0x0000000085d00000, 0x0000000085d00000| Untracked 
|  28|0x0000000085e00000, 0x0000000085e00000, 0x0000000085f00000|  0%| F|  |TAMS 0x0000000085e00000, 0x0000000085e00000| Untracked 
|  29|0x0000000085f00000, 0x0000000085f00000, 0x0000000086000000|  0%| F|  |TAMS 0x0000000085f00000, 0x0000000085f00000| Untracked 
|  30|0x0000000086000000, 0x0000000086000000, 0x0000000086100000|  0%| F|  |TAMS 0x0000000086000000, 0x0000000086000000| Untracked 
|  31|0x0000000086100000, 0x0000000086100000, 0x0000000086200000|  0%| F|  |TAMS 0x0000000086100000, 0x0000000086100000| Untracked 
|  32|0x0000000086200000, 0x0000000086200000, 0x0000000086300000|  0%| F|  |TAMS 0x0000000086200000, 0x0000000086200000| Untracked 
|  33|0x0000000086300000, 0x0000000086300000, 0x0000000086400000|  0%| F|  |TAMS 0x0000000086300000, 0x0000000086300000| Untracked 
|  34|0x0000000086400000, 0x0000000086400000, 0x0000000086500000|  0%| F|  |TAMS 0x0000000086400000, 0x0000000086400000| Untracked 
|  35|0x0000000086500000, 0x0000000086500000, 0x0000000086600000|  0%| F|  |TAMS 0x0000000086500000, 0x0000000086500000| Untracked 
|  36|0x0000000086600000, 0x0000000086600000, 0x0000000086700000|  0%| F|  |TAMS 0x0000000086600000, 0x0000000086600000| Untracked 
|  37|0x0000000086700000, 0x0000000086700000, 0x0000000086800000|  0%| F|  |TAMS 0x0000000086700000, 0x0000000086700000| Untracked 
|  38|0x0000000086800000, 0x0000000086800000, 0x0000000086900000|  0%| F|  |TAMS 0x0000000086800000, 0x0000000086800000| Untracked 
|  39|0x0000000086900000, 0x0000000086900000, 0x0000000086a00000|  0%| F|  |TAMS 0x0000000086900000, 0x0000000086900000| Untracked 
|  40|0x0000000086a00000, 0x0000000086a00000, 0x0000000086b00000|  0%| F|  |TAMS 0x0000000086a00000, 0x0000000086a00000| Untracked 
|  41|0x0000000086b00000, 0x0000000086b00000, 0x0000000086c00000|  0%| F|  |TAMS 0x0000000086b00000, 0x0000000086b00000| Untracked 
|  42|0x0000000086c00000, 0x0000000086c00000, 0x0000000086d00000|  0%| F|  |TAMS 0x0000000086c00000, 0x0000000086c00000| Untracked 
|  43|0x0000000086d00000, 0x0000000086d00000, 0x0000000086e00000|  0%| F|  |TAMS 0x0000000086d00000, 0x0000000086d00000| Untracked 
|  44|0x0000000086e00000, 0x0000000086e00000, 0x0000000086f00000|  0%| F|  |TAMS 0x0000000086e00000, 0x0000000086e00000| Untracked 
|  45|0x0000000086f00000, 0x0000000086f00000, 0x0000000087000000|  0%| F|  |TAMS 0x0000000086f00000, 0x0000000086f00000| Untracked 
|  46|0x0000000087000000, 0x0000000087000000, 0x0000000087100000|  0%| F|  |TAMS 0x0000000087000000, 0x0000000087000000| Untracked 
|  47|0x0000000087100000, 0x0000000087100000, 0x0000000087200000|  0%| F|  |TAMS 0x0000000087100000, 0x0000000087100000| Untracked 
|  48|0x0000000087200000, 0x0000000087200000, 0x0000000087300000|  0%| F|  |TAMS 0x0000000087200000, 0x0000000087200000| Untracked 
|  49|0x0000000087300000, 0x0000000087300000, 0x0000000087400000|  0%| F|  |TAMS 0x0000000087300000, 0x0000000087300000| Untracked 
|  50|0x0000000087400000, 0x0000000087400000, 0x0000000087500000|  0%| F|  |TAMS 0x0000000087400000, 0x0000000087400000| Untracked 
|  51|0x0000000087500000, 0x0000000087500000, 0x0000000087600000|  0%| F|  |TAMS 0x0000000087500000, 0x0000000087500000| Untracked 
|  52|0x0000000087600000, 0x0000000087600000, 0x0000000087700000|  0%| F|  |TAMS 0x0000000087600000, 0x0000000087600000| Untracked 
|  53|0x0000000087700000, 0x0000000087700000, 0x0000000087800000|  0%| F|  |TAMS 0x0000000087700000, 0x0000000087700000| Untracked 
|  54|0x0000000087800000, 0x0000000087800000, 0x0000000087900000|  0%| F|  |TAMS 0x0000000087800000, 0x0000000087800000| Untracked 
|  55|0x0000000087900000, 0x0000000087900000, 0x0000000087a00000|  0%| F|  |TAMS 0x0000000087900000, 0x0000000087900000| Untracked 
|  56|0x0000000087a00000, 0x0000000087a00000, 0x0000000087b00000|  0%| F|  |TAMS 0x0000000087a00000, 0x0000000087a00000| Untracked 
|  57|0x0000000087b00000, 0x0000000087b00000, 0x0000000087c00000|  0%| F|  |TAMS 0x0000000087b00000, 0x0000000087b00000| Untracked 
|  58|0x0000000087c00000, 0x0000000087c00000, 0x0000000087d00000|  0%| F|  |TAMS 0x0000000087c00000, 0x0000000087c00000| Untracked 
|  59|0x0000000087d00000, 0x0000000087d00000, 0x0000000087e00000|  0%| F|  |TAMS 0x0000000087d00000, 0x0000000087d00000| Untracked 
|  60|0x0000000087e00000, 0x0000000087e00000, 0x0000000087f00000|  0%| F|  |TAMS 0x0000000087e00000, 0x0000000087e00000| Untracked 
|  61|0x0000000087f00000, 0x0000000087f00000, 0x0000000088000000|  0%| F|  |TAMS 0x0000000087f00000, 0x0000000087f00000| Untracked 
|  62|0x0000000088000000, 0x0000000088000000, 0x0000000088100000|  0%| F|  |TAMS 0x0000000088000000, 0x0000000088000000| Untracked 
|  63|0x0000000088100000, 0x0000000088100000, 0x0000000088200000|  0%| F|  |TAMS 0x0000000088100000, 0x0000000088100000| Untracked 
|  64|0x0000000088200000, 0x0000000088200000, 0x0000000088300000|  0%| F|  |TAMS 0x0000000088200000, 0x0000000088200000| Untracked 
|  65|0x0000000088300000, 0x0000000088300000, 0x0000000088400000|  0%| F|  |TAMS 0x0000000088300000, 0x0000000088300000| Untracked 
|  66|0x0000000088400000, 0x0000000088400000, 0x0000000088500000|  0%| F|  |TAMS 0x0000000088400000, 0x0000000088400000| Untracked 
|  67|0x0000000088500000, 0x0000000088500000, 0x0000000088600000|  0%| F|  |TAMS 0x0000000088500000, 0x0000000088500000| Untracked 
|  68|0x0000000088600000, 0x0000000088600000, 0x0000000088700000|  0%| F|  |TAMS 0x0000000088600000, 0x0000000088600000| Untracked 
|  69|0x0000000088700000, 0x0000000088700000, 0x0000000088800000|  0%| F|  |TAMS 0x0000000088700000, 0x0000000088700000| Untracked 
|  70|0x0000000088800000, 0x0000000088800000, 0x0000000088900000|  0%| F|  |TAMS 0x0000000088800000, 0x0000000088800000| Untracked 
|  71|0x0000000088900000, 0x0000000088900000, 0x0000000088a00000|  0%| F|  |TAMS 0x0000000088900000, 0x0000000088900000| Untracked 
|  72|0x0000000088a00000, 0x0000000088a00000, 0x0000000088b00000|  0%| F|  |TAMS 0x0000000088a00000, 0x0000000088a00000| Untracked 
|  73|0x0000000088b00000, 0x0000000088b00000, 0x0000000088c00000|  0%| F|  |TAMS 0x0000000088b00000, 0x0000000088b00000| Untracked 
|  74|0x0000000088c00000, 0x0000000088c00000, 0x0000000088d00000|  0%| F|  |TAMS 0x0000000088c00000, 0x0000000088c00000| Untracked 
|  75|0x0000000088d00000, 0x0000000088d00000, 0x0000000088e00000|  0%| F|  |TAMS 0x0000000088d00000, 0x0000000088d00000| Untracked 
|  76|0x0000000088e00000, 0x0000000088e00000, 0x0000000088f00000|  0%| F|  |TAMS 0x0000000088e00000, 0x0000000088e00000| Untracked 
|  77|0x0000000088f00000, 0x0000000088f00000, 0x0000000089000000|  0%| F|  |TAMS 0x0000000088f00000, 0x0000000088f00000| Untracked 
|  78|0x0000000089000000, 0x0000000089000000, 0x0000000089100000|  0%| F|  |TAMS 0x0000000089000000, 0x0000000089000000| Untracked 
|  79|0x0000000089100000, 0x0000000089100000, 0x0000000089200000|  0%| F|  |TAMS 0x0000000089100000, 0x0000000089100000| Untracked 
|  80|0x0000000089200000, 0x0000000089200000, 0x0000000089300000|  0%| F|  |TAMS 0x0000000089200000, 0x0000000089200000| Untracked 
|  81|0x0000000089300000, 0x0000000089300000, 0x0000000089400000|  0%| F|  |TAMS 0x0000000089300000, 0x0000000089300000| Untracked 
|  82|0x0000000089400000, 0x0000000089400000, 0x0000000089500000|  0%| F|  |TAMS 0x0000000089400000, 0x0000000089400000| Untracked 
|  83|0x0000000089500000, 0x0000000089500000, 0x0000000089600000|  0%| F|  |TAMS 0x0000000089500000, 0x0000000089500000| Untracked 
|  84|0x0000000089600000, 0x0000000089600000, 0x0000000089700000|  0%| F|  |TAMS 0x0000000089600000, 0x0000000089600000| Untracked 
|  85|0x0000000089700000, 0x0000000089700000, 0x0000000089800000|  0%| F|  |TAMS 0x0000000089700000, 0x0000000089700000| Untracked 
|  86|0x0000000089800000, 0x0000000089800000, 0x0000000089900000|  0%| F|  |TAMS 0x0000000089800000, 0x0000000089800000| Untracked 
|  87|0x0000000089900000, 0x0000000089900000, 0x0000000089a00000|  0%| F|  |TAMS 0x0000000089900000, 0x0000000089900000| Untracked 
|  88|0x0000000089a00000, 0x0000000089a00000, 0x0000000089b00000|  0%| F|  |TAMS 0x0000000089a00000, 0x0000000089a00000| Untracked 
|  89|0x0000000089b00000, 0x0000000089b00000, 0x0000000089c00000|  0%| F|  |TAMS 0x0000000089b00000, 0x0000000089b00000| Untracked 
|  90|0x0000000089c00000, 0x0000000089c00000, 0x0000000089d00000|  0%| F|  |TAMS 0x0000000089c00000, 0x0000000089c00000| Untracked 
|  91|0x0000000089d00000, 0x0000000089d00000, 0x0000000089e00000|  0%| F|  |TAMS 0x0000000089d00000, 0x0000000089d00000| Untracked 
|  92|0x0000000089e00000, 0x0000000089e00000, 0x0000000089f00000|  0%| F|  |TAMS 0x0000000089e00000, 0x0000000089e00000| Untracked 
|  93|0x0000000089f00000, 0x0000000089f00000, 0x000000008a000000|  0%| F|  |TAMS 0x0000000089f00000, 0x0000000089f00000| Untracked 
|  94|0x000000008a000000, 0x000000008a000000, 0x000000008a100000|  0%| F|  |TAMS 0x000000008a000000, 0x000000008a000000| Untracked 
|  95|0x000000008a100000, 0x000000008a100000, 0x000000008a200000|  0%| F|  |TAMS 0x000000008a100000, 0x000000008a100000| Untracked 
|  96|0x000000008a200000, 0x000000008a200000, 0x000000008a300000|  0%| F|  |TAMS 0x000000008a200000, 0x000000008a200000| Untracked 
|  97|0x000000008a300000, 0x000000008a300000, 0x000000008a400000|  0%| F|  |TAMS 0x000000008a300000, 0x000000008a300000| Untracked 
|  98|0x000000008a400000, 0x000000008a400000, 0x000000008a500000|  0%| F|  |TAMS 0x000000008a400000, 0x000000008a400000| Untracked 
|  99|0x000000008a500000, 0x000000008a500000, 0x000000008a600000|  0%| F|  |TAMS 0x000000008a500000, 0x000000008a500000| Untracked 
| 100|0x000000008a600000, 0x000000008a600000, 0x000000008a700000|  0%| F|  |TAMS 0x000000008a600000, 0x000000008a600000| Untracked 
| 101|0x000000008a700000, 0x000000008a700000, 0x000000008a800000|  0%| F|  |TAMS 0x000000008a700000, 0x000000008a700000| Untracked 
| 102|0x000000008a800000, 0x000000008a800000, 0x000000008a900000|  0%| F|  |TAMS 0x000000008a800000, 0x000000008a800000| Untracked 
| 103|0x000000008a900000, 0x000000008a900000, 0x000000008aa00000|  0%| F|  |TAMS 0x000000008a900000, 0x000000008a900000| Untracked 
| 104|0x000000008aa00000, 0x000000008aa00000, 0x000000008ab00000|  0%| F|  |TAMS 0x000000008aa00000, 0x000000008aa00000| Untracked 
| 105|0x000000008ab00000, 0x000000008ab00000, 0x000000008ac00000|  0%| F|  |TAMS 0x000000008ab00000, 0x000000008ab00000| Untracked 
| 106|0x000000008ac00000, 0x000000008ac00000, 0x000000008ad00000|  0%| F|  |TAMS 0x000000008ac00000, 0x000000008ac00000| Untracked 
| 107|0x000000008ad00000, 0x000000008ad00000, 0x000000008ae00000|  0%| F|  |TAMS 0x000000008ad00000, 0x000000008ad00000| Untracked 
| 108|0x000000008ae00000, 0x000000008ae00000, 0x000000008af00000|  0%| F|  |TAMS 0x000000008ae00000, 0x000000008ae00000| Untracked 
| 109|0x000000008af00000, 0x000000008af00000, 0x000000008b000000|  0%| F|  |TAMS 0x000000008af00000, 0x000000008af00000| Untracked 
| 110|0x000000008b000000, 0x000000008b076638, 0x000000008b100000| 46%| E|  |TAMS 0x000000008b000000, 0x000000008b000000| Complete 
| 111|0x000000008b100000, 0x000000008b200000, 0x000000008b200000|100%| E|CS|TAMS 0x000000008b100000, 0x000000008b100000| Complete 
| 112|0x000000008b200000, 0x000000008b300000, 0x000000008b300000|100%| E|CS|TAMS 0x000000008b200000, 0x000000008b200000| Complete 
| 113|0x000000008b300000, 0x000000008b400000, 0x000000008b400000|100%| E|CS|TAMS 0x000000008b300000, 0x000000008b300000| Complete 
| 114|0x000000008b400000, 0x000000008b500000, 0x000000008b500000|100%| E|CS|TAMS 0x000000008b400000, 0x000000008b400000| Complete 
| 115|0x000000008b500000, 0x000000008b600000, 0x000000008b600000|100%| E|CS|TAMS 0x000000008b500000, 0x000000008b500000| Complete 
| 116|0x000000008b600000, 0x000000008b700000, 0x000000008b700000|100%| E|CS|TAMS 0x000000008b600000, 0x000000008b600000| Complete 
| 117|0x000000008b700000, 0x000000008b800000, 0x000000008b800000|100%| E|CS|TAMS 0x000000008b700000, 0x000000008b700000| Complete 
| 118|0x000000008b800000, 0x000000008b900000, 0x000000008b900000|100%| E|CS|TAMS 0x000000008b800000, 0x000000008b800000| Complete 
| 119|0x000000008b900000, 0x000000008ba00000, 0x000000008ba00000|100%| E|CS|TAMS 0x000000008b900000, 0x000000008b900000| Complete 
| 120|0x000000008ba00000, 0x000000008bb00000, 0x000000008bb00000|100%| E|CS|TAMS 0x000000008ba00000, 0x000000008ba00000| Complete 
| 121|0x000000008bb00000, 0x000000008bc00000, 0x000000008bc00000|100%| E|CS|TAMS 0x000000008bb00000, 0x000000008bb00000| Complete 
| 122|0x000000008bc00000, 0x000000008bd00000, 0x000000008bd00000|100%| E|CS|TAMS 0x000000008bc00000, 0x000000008bc00000| Complete 
| 123|0x000000008bd00000, 0x000000008be00000, 0x000000008be00000|100%| E|CS|TAMS 0x000000008bd00000, 0x000000008bd00000| Complete 

Card table byte_map: [0x0000026719a30000,0x0000026719e10000] _byte_map_base: 0x000002671960f000

Marking Bits (Prev, Next): (CMBitMap*) 0x0000026702ab9030, (CMBitMap*) 0x0000026702ab9070
 Prev Bits: [0x000002671a1f0000, 0x000002671c0e8000)
 Next Bits: [0x000002671c0f0000, 0x000002671dfe8000)

Polling page: 0x0000026700a50000

Metaspace:

Usage:
  Non-class:      2.89 MB used.
      Class:    335.14 KB used.
       Both:      3.21 MB used.

Virtual space:
  Non-class space:       64.00 MB reserved,       3.00 MB (  5%) committed,  1 nodes.
      Class space:        1.00 GB reserved,     448.00 KB ( <1%) committed,  1 nodes.
             Both:        1.06 GB reserved,       3.44 MB ( <1%) committed. 

Chunk freelists:
   Non-Class:  10.80 MB
       Class:  15.55 MB
        Both:  26.34 MB

MaxMetaspaceSize: unlimited
CompressedClassSpaceSize: 1.00 GB
Initial GC threshold: 21.00 MB
Current GC threshold: 21.00 MB
CDS: on
MetaspaceReclaimPolicy: balanced
 - commit_granule_bytes: 65536.
 - commit_granule_words: 8192.
 - virtual_space_node_default_size: 8388608.
 - enlarge_chunks_in_place: 1.
 - new_chunks_are_fully_committed: 0.
 - uncommit_free_chunks: 1.
 - use_allocation_guard: 0.
 - handle_deallocations: 1.


Internal statistics:

num_allocs_failed_limit: 0.
num_arena_births: 68.
num_arena_deaths: 0.
num_vsnodes_births: 2.
num_vsnodes_deaths: 0.
num_space_committed: 55.
num_space_uncommitted: 0.
num_chunks_returned_to_freelist: 0.
num_chunks_taken_from_freelist: 146.
num_chunk_merges: 0.
num_chunk_splits: 92.
num_chunks_enlarged: 64.
num_inconsistent_stats: 0.

CodeHeap 'non-profiled nmethods': size=120000Kb used=276Kb max_used=276Kb free=119723Kb
 bounds [0x0000026711df0000, 0x0000026712060000, 0x0000026719320000]
CodeHeap 'profiled nmethods': size=120000Kb used=1303Kb max_used=1303Kb free=118696Kb
 bounds [0x000002670a320000, 0x000002670a590000, 0x0000026711850000]
CodeHeap 'non-nmethods': size=5760Kb used=1155Kb max_used=1171Kb free=4604Kb
 bounds [0x0000026711850000, 0x0000026711ac0000, 0x0000026711df0000]
 total_blobs=1201 nmethods=771 adapters=343
 compilation: enabled
              stopped_count=0, restarted_count=0
 full_count=0

Compilation events (20 events):
Event: 0.883 Thread 0x0000026720a1eaa0  739       3       java.util.Properties::loadConvert (540 bytes)
Event: 0.884 Thread 0x0000026720a1eaa0 nmethod 739 0x000002670a452d90 code [0x000002670a453080, 0x000002670a4544b8]
Event: 0.884 Thread 0x0000026720a1eaa0  740       3       java.util.Properties$LineReader::readLine (584 bytes)
Event: 0.888 Thread 0x0000026720a1eaa0 nmethod 740 0x000002670a454b10 code [0x000002670a454ee0, 0x000002670a457a58]
Event: 0.888 Thread 0x0000026720a1eaa0  742       1       java.lang.invoke.DirectMethodHandle::internalMemberName (5 bytes)
Event: 0.888 Thread 0x0000026720a1eaa0 nmethod 742 0x0000026711e32890 code [0x0000026711e32a20, 0x0000026711e32af8]
Event: 0.888 Thread 0x0000026720a1eaa0  745       1       jdk.internal.org.objectweb.asm.SymbolTable::getMajorVersion (5 bytes)
Event: 0.888 Thread 0x0000026720a1eaa0 nmethod 745 0x0000026711e32b90 code [0x0000026711e32d20, 0x0000026711e32df8]
Event: 0.889 Thread 0x0000026720a1eaa0  741       3       java.util.concurrent.ConcurrentHashMap$Node::<init> (14 bytes)
Event: 0.889 Thread 0x0000026720a1eaa0 nmethod 741 0x000002670a458790 code [0x000002670a458940, 0x000002670a458c38]
Event: 0.890 Thread 0x0000026720a1eaa0  746       3       org.springframework.util.StringUtils::hasLength (17 bytes)
Event: 0.891 Thread 0x0000026720a1eaa0 nmethod 746 0x000002670a458d10 code [0x000002670a458ec0, 0x000002670a459118]
Event: 0.894 Thread 0x0000026720a1eaa0  747       3       sun.invoke.util.BytecodeDescriptor::unparseSig (49 bytes)
Event: 0.895 Thread 0x0000026720a1eaa0 nmethod 747 0x000002670a459210 code [0x000002670a459440, 0x000002670a459968]
Event: 0.895 Thread 0x0000026720a1eaa0  748       3       jdk.internal.org.objectweb.asm.ClassReader::readUnsignedShort (26 bytes)
Event: 0.896 Thread 0x0000026720a1eaa0 nmethod 748 0x000002670a459b90 code [0x000002670a459d20, 0x000002670a459e98]
Event: 0.900 Thread 0x0000026720a1eaa0  750       1       java.util.stream.AbstractPipeline::getStreamAndOpFlags (5 bytes)
Event: 0.901 Thread 0x0000026720a1eaa0 nmethod 750 0x0000026711e33190 code [0x0000026711e33320, 0x0000026711e333f8]
Event: 0.901 Thread 0x0000026720a1eaa0  751       3       java.util.stream.AbstractPipeline::isParallel (8 bytes)
Event: 0.901 Thread 0x0000026720a1eaa0 nmethod 751 0x000002670a459f90 code [0x000002670a45a120, 0x000002670a45a238]

GC Heap History (0 events):
No events

Deoptimization events (20 events):
Event: 0.568 Thread 0x0000026702a5ed60 DEOPT PACKING pc=0x000002670a3575e8 sp=0x0000006e303f9700
Event: 0.568 Thread 0x0000026702a5ed60 DEOPT UNPACKING pc=0x00000267118a66e3 sp=0x0000006e303f8b90 mode 0
Event: 0.568 Thread 0x0000026702a5ed60 DEOPT PACKING pc=0x000002670a35b556 sp=0x0000006e303f9640
Event: 0.568 Thread 0x0000026702a5ed60 DEOPT UNPACKING pc=0x00000267118a66e3 sp=0x0000006e303f8ae0 mode 0
Event: 0.631 Thread 0x0000026702a5ed60 Uncommon trap: trap_request=0xffffff6e fr.pc=0x0000026711e11ae0 relative=0x0000000000000160
Event: 0.631 Thread 0x0000026702a5ed60 Uncommon trap: reason=loop_limit_check action=maybe_recompile pc=0x0000026711e11ae0 method=java.lang.StringLatin1.lastIndexOf([BII)I @ 19 c2
Event: 0.631 Thread 0x0000026702a5ed60 DEOPT PACKING pc=0x0000026711e11ae0 sp=0x0000006e303fca20
Event: 0.631 Thread 0x0000026702a5ed60 DEOPT UNPACKING pc=0x00000267118a5ba3 sp=0x0000006e303fc9a0 mode 2
Event: 0.637 Thread 0x0000026702a5ed60 DEOPT PACKING pc=0x000002670a392f65 sp=0x0000006e303fcbb0
Event: 0.637 Thread 0x0000026702a5ed60 DEOPT UNPACKING pc=0x00000267118a66e3 sp=0x0000006e303fc028 mode 0
Event: 0.641 Thread 0x0000026702a5ed60 Uncommon trap: trap_request=0xffffff45 fr.pc=0x0000026711e19170 relative=0x0000000000000250
Event: 0.641 Thread 0x0000026702a5ed60 Uncommon trap: reason=unstable_if action=reinterpret pc=0x0000026711e19170 method=java.io.BufferedReader.read()I @ 19 c2
Event: 0.641 Thread 0x0000026702a5ed60 DEOPT PACKING pc=0x0000026711e19170 sp=0x0000006e303fcaf0
Event: 0.641 Thread 0x0000026702a5ed60 DEOPT UNPACKING pc=0x00000267118a5ba3 sp=0x0000006e303fca30 mode 2
Event: 0.728 Thread 0x0000026702a5ed60 Uncommon trap: trap_request=0xffffff6e fr.pc=0x0000026711e1a804 relative=0x00000000000003e4
Event: 0.728 Thread 0x0000026702a5ed60 Uncommon trap: reason=loop_limit_check action=maybe_recompile pc=0x0000026711e1a804 method=java.lang.StringLatin1.indexOf([BI[BII)I @ 37 c2
Event: 0.728 Thread 0x0000026702a5ed60 DEOPT PACKING pc=0x0000026711e1a804 sp=0x0000006e303fda70
Event: 0.728 Thread 0x0000026702a5ed60 DEOPT UNPACKING pc=0x00000267118a5ba3 sp=0x0000006e303fd9d0 mode 2
Event: 0.820 Thread 0x0000026702a5ed60 DEOPT PACKING pc=0x000002670a3e1094 sp=0x0000006e303f9cb0
Event: 0.820 Thread 0x0000026702a5ed60 DEOPT UNPACKING pc=0x00000267118a66e3 sp=0x0000006e303f9148 mode 0

Classes unloaded (0 events):
No events

Classes redefined (0 events):
No events

Internal exceptions (7 events):
Event: 0.472 Thread 0x0000026720cfd300 Exception <a 'java/lang/NoSuchMethodError'{0x000000008b602b78}: 'java.lang.Object java.lang.invoke.DirectMethodHandle$Holder.invokeStaticInit(java.lang.Object)'> (0x000000008b602b78) 
thrown [s\open\src\hotspot\share\interpreter\linkResolver.cpp, line 759]
Event: 0.489 Thread 0x0000026720cfd300 Exception <a 'java/lang/NoSuchMethodError'{0x000000008b610838}: 'void java.lang.invoke.DirectMethodHandle$Holder.invokeStatic(java.lang.Object, java.lang.Object)'> (0x000000008b610838) 
thrown [s\open\src\hotspot\share\interpreter\linkResolver.cpp, line 759]
Event: 0.636 Thread 0x0000026702a5ed60 Exception <a 'java/lang/ClassNotFoundException'{0x000000008b41d668}: javax/smartcardio/CardPermission> (0x000000008b41d668) 
thrown [s\open\src\hotspot\share\classfile\systemDictionary.cpp, line 256]
Event: 0.644 Thread 0x0000026702a5ed60 Exception <a 'java/io/FileNotFoundException'{0x000000008b42bdc8}> (0x000000008b42bdc8) 
thrown [s\open\src\hotspot\share\prims\jni.cpp, line 516]
Event: 0.712 Thread 0x0000026702a5ed60 Exception <a 'java/lang/NoSuchMethodError'{0x000000008b4a8c38}: 'java.lang.Object java.lang.invoke.DirectMethodHandle$Holder.invokeSpecial(java.lang.Object, java.lang.Object, java.lang.Object, long, java.lang.Object)'> (0x000000008b4a8c38) 
thrown [s\open\src\hotspot\share\interpreter\linkResolver.cpp, line 759]
Event: 0.713 Thread 0x0000026702a5ed60 Exception <a 'java/lang/NoSuchMethodError'{0x000000008b4ac808}: 'java.lang.Object java.lang.invoke.Invokers$Holder.linkToTargetMethod(java.lang.Object, long, java.lang.Object, java.lang.Object)'> (0x000000008b4ac808) 
thrown [s\open\src\hotspot\share\interpreter\linkResolver.cpp, line 759]
Event: 0.844 Thread 0x0000026702a5ed60 Exception <a 'java/lang/NoSuchMethodError'{0x000000008b2beef8}: 'void java.lang.invoke.DirectMethodHandle$Holder.invokeStatic(java.lang.Object, java.lang.Object, java.lang.Object, java.lang.Object)'> (0x000000008b2beef8) 
thrown [s\open\src\hotspot\share\interpreter\linkResolver.cpp, line 759]

VM Operations (10 events):
Event: 0.180 Executing VM operation: HandshakeAllThreads
Event: 0.180 Executing VM operation: HandshakeAllThreads done
Event: 0.469 Executing VM operation: HandshakeAllThreads
Event: 0.469 Executing VM operation: HandshakeAllThreads done
Event: 0.521 Executing VM operation: HandshakeAllThreads
Event: 0.521 Executing VM operation: HandshakeAllThreads done
Event: 0.551 Executing VM operation: HandshakeAllThreads
Event: 0.551 Executing VM operation: HandshakeAllThreads done
Event: 0.564 Executing VM operation: HandshakeAllThreads
Event: 0.564 Executing VM operation: HandshakeAllThreads done

Events (20 events):
Event: 0.898 loading class java/util/stream/Node$OfPrimitive
Event: 0.898 loading class java/util/stream/Node$OfPrimitive done
Event: 0.898 loading class java/util/stream/Node$OfInt done
Event: 0.898 loading class java/util/stream/Nodes$EmptyNode$OfInt done
Event: 0.899 loading class java/util/stream/Nodes$EmptyNode$OfLong
Event: 0.899 loading class java/util/stream/Node$OfLong
Event: 0.899 loading class java/util/stream/Node$OfLong done
Event: 0.899 loading class java/util/stream/Nodes$EmptyNode$OfLong done
Event: 0.899 loading class java/util/stream/Nodes$EmptyNode$OfDouble
Event: 0.899 loading class java/util/stream/Node$OfDouble
Event: 0.899 loading class java/util/stream/Node$OfDouble done
Event: 0.899 loading class java/util/stream/Nodes$EmptyNode$OfDouble done
Event: 0.899 loading class java/util/stream/Nodes$SpinedNodeBuilder
Event: 0.899 loading class java/util/stream/Node$Builder
Event: 0.899 loading class java/util/stream/Node$Builder done
Event: 0.899 loading class java/util/stream/SpinedBuffer
Event: 0.900 loading class java/util/stream/AbstractSpinedBuffer
Event: 0.900 loading class java/util/stream/AbstractSpinedBuffer done
Event: 0.900 loading class java/util/stream/SpinedBuffer done
Event: 0.900 loading class java/util/stream/Nodes$SpinedNodeBuilder done


Dynamic libraries:
0x00007ff762a70000 - 0x00007ff762a80000 	C:\Program Files\Java\jdk-17\bin\java.exe
0x00007ffdef090000 - 0x00007ffdef2a7000 	C:\WINDOWS\SYSTEM32\ntdll.dll
0x00007ffdee070000 - 0x00007ffdee134000 	C:\WINDOWS\System32\KERNEL32.DLL
0x00007ffdec3e0000 - 0x00007ffdec79a000 	C:\WINDOWS\System32\KERNELBASE.dll
0x00007ffdec9c0000 - 0x00007ffdecad1000 	C:\WINDOWS\System32\ucrtbase.dll
0x00007ffdd9f50000 - 0x00007ffdd9f69000 	C:\Program Files\Java\jdk-17\bin\jli.dll
0x00007ffdda060000 - 0x00007ffdda07b000 	C:\Program Files\Java\jdk-17\bin\VCRUNTIME140.dll
0x00007ffdee240000 - 0x00007ffdee2f2000 	C:\WINDOWS\System32\ADVAPI32.dll
0x00007ffdeeb40000 - 0x00007ffdeebe7000 	C:\WINDOWS\System32\msvcrt.dll
0x00007ffdedfc0000 - 0x00007ffdee067000 	C:\WINDOWS\System32\sechost.dll
0x00007ffdec7a0000 - 0x00007ffdec7c8000 	C:\WINDOWS\System32\bcrypt.dll
0x00007ffdecda0000 - 0x00007ffdeceb4000 	C:\WINDOWS\System32\RPCRT4.dll
0x00007ffdeebf0000 - 0x00007ffdeed9e000 	C:\WINDOWS\System32\USER32.dll
0x00007ffdec7d0000 - 0x00007ffdec7f6000 	C:\WINDOWS\System32\win32u.dll
0x00007ffdaffe0000 - 0x00007ffdb0272000 	C:\WINDOWS\WinSxS\amd64_microsoft.windows.common-controls_6595b64144ccf1df_6.0.22621.4541_none_2710d1c57384c085\COMCTL32.dll
0x00007ffdeef60000 - 0x00007ffdeef89000 	C:\WINDOWS\System32\GDI32.dll
0x00007ffdec8a0000 - 0x00007ffdec9bb000 	C:\WINDOWS\System32\gdi32full.dll
0x00007ffdec800000 - 0x00007ffdec89a000 	C:\WINDOWS\System32\msvcp_win.dll
0x00007ffde5430000 - 0x00007ffde543a000 	C:\WINDOWS\SYSTEM32\VERSION.dll
0x00007ffdeef90000 - 0x00007ffdeefc1000 	C:\WINDOWS\System32\IMM32.DLL
0x00007ffddcc70000 - 0x00007ffddcc7c000 	C:\Program Files\Java\jdk-17\bin\vcruntime140_1.dll
0x00007ffd86c30000 - 0x00007ffd86cbe000 	C:\Program Files\Java\jdk-17\bin\msvcp140.dll
0x00007ffd403d0000 - 0x00007ffd40fb1000 	C:\Program Files\Java\jdk-17\bin\server\jvm.dll
0x00007ffdeeb30000 - 0x00007ffdeeb38000 	C:\WINDOWS\System32\PSAPI.DLL
0x00007ffde9d50000 - 0x00007ffde9d84000 	C:\WINDOWS\SYSTEM32\WINMM.dll
0x00007ffdd44d0000 - 0x00007ffdd44d9000 	C:\WINDOWS\SYSTEM32\WSOCK32.dll
0x00007ffdee630000 - 0x00007ffdee6a1000 	C:\WINDOWS\System32\WS2_32.dll
0x00007ffdeb470000 - 0x00007ffdeb488000 	C:\WINDOWS\SYSTEM32\kernel.appcore.dll
0x00007ffdda250000 - 0x00007ffdda25a000 	C:\Program Files\Java\jdk-17\bin\jimage.dll
0x00007ffde9a60000 - 0x00007ffde9c92000 	C:\WINDOWS\SYSTEM32\DBGHELP.DLL
0x00007ffdeda70000 - 0x00007ffdeddff000 	C:\WINDOWS\System32\combase.dll
0x00007ffdecec0000 - 0x00007ffdecf97000 	C:\WINDOWS\System32\OLEAUT32.dll
0x00007ffde9d10000 - 0x00007ffde9d42000 	C:\WINDOWS\SYSTEM32\dbgcore.DLL
0x00007ffdecd10000 - 0x00007ffdecd8b000 	C:\WINDOWS\System32\bcryptPrimitives.dll
0x00007ffdd47a0000 - 0x00007ffdd47ae000 	C:\Program Files\Java\jdk-17\bin\instrument.dll
0x00007ffdd8a90000 - 0x00007ffdd8ab5000 	C:\Program Files\Java\jdk-17\bin\java.dll
0x00007ffd864e0000 - 0x00007ffd865b7000 	C:\Program Files\Java\jdk-17\bin\jsvml.dll
0x00007ffded1f0000 - 0x00007ffdeda68000 	C:\WINDOWS\System32\SHELL32.dll
0x00007ffdea260000 - 0x00007ffdeab68000 	C:\WINDOWS\SYSTEM32\windows.storage.dll
0x00007ffdea120000 - 0x00007ffdea25f000 	C:\WINDOWS\SYSTEM32\wintypes.dll
0x00007ffdee140000 - 0x00007ffdee23a000 	C:\WINDOWS\System32\SHCORE.dll
0x00007ffdee300000 - 0x00007ffdee35e000 	C:\WINDOWS\System32\shlwapi.dll
0x00007ffdec290000 - 0x00007ffdec2bb000 	C:\WINDOWS\SYSTEM32\profapi.dll
0x00007ffdb1d10000 - 0x00007ffdb1d28000 	C:\Program Files\Java\jdk-17\bin\zip.dll
0x00007ffdd57c0000 - 0x00007ffdd57d9000 	C:\Program Files\Java\jdk-17\bin\net.dll
0x00007ffde6e80000 - 0x00007ffde6fb6000 	C:\WINDOWS\SYSTEM32\WINHTTP.dll
0x00007ffdeb910000 - 0x00007ffdeb979000 	C:\WINDOWS\system32\mswsock.dll
0x00007ffdd4850000 - 0x00007ffdd4866000 	C:\Program Files\Java\jdk-17\bin\nio.dll
0x00007ffdae680000 - 0x00007ffdae69a000 	C:\Program Files\JetBrains\IntelliJ IDEA Community Edition 2023.3.4\bin\breakgen64.dll

dbghelp: loaded successfully - version: 4.0.5 - missing functions: none
symbol engine: initialized successfully - sym options: 0x614 - pdb path: .;C:\Program Files\Java\jdk-17\bin;C:\WINDOWS\SYSTEM32;C:\WINDOWS\WinSxS\amd64_microsoft.windows.common-controls_6595b64144ccf1df_6.0.22621.4541_none_2710d1c57384c085;C:\Program Files\Java\jdk-17\bin\server;C:\Program Files\JetBrains\IntelliJ IDEA Community Edition 2023.3.4\bin

VM Arguments:
jvm_args: -javaagent:C:\Program Files\JetBrains\IntelliJ IDEA Community Edition 2023.3.4\lib\idea_rt.jar=57821:C:\Program Files\JetBrains\IntelliJ IDEA Community Edition 2023.3.4\bin -Dfile.encoding=UTF-8 
java_command: com.example.gearup.GearupApplication
java_class_path (initial): C:\Users\hasra\Documents\NIBM\HND\Final project\gearup\target\classes;C:\Users\hasra\.m2\repository\org\springframework\boot\spring-boot-starter-data-jpa\3.4.0\spring-boot-starter-data-jpa-3.4.0.jar;C:\Users\hasra\.m2\repository\org\springframework\boot\spring-boot-starter\3.4.0\spring-boot-starter-3.4.0.jar;C:\Users\hasra\.m2\repository\org\springframework\boot\spring-boot\3.4.0\spring-boot-3.4.0.jar;C:\Users\hasra\.m2\repository\org\springframework\boot\spring-boot-autoconfigure\3.4.0\spring-boot-autoconfigure-3.4.0.jar;C:\Users\hasra\.m2\repository\org\springframework\boot\spring-boot-starter-logging\3.4.0\spring-boot-starter-logging-3.4.0.jar;C:\Users\hasra\.m2\repository\ch\qos\logback\logback-classic\1.5.12\logback-classic-1.5.12.jar;C:\Users\hasra\.m2\repository\ch\qos\logback\logback-core\1.5.12\logback-core-1.5.12.jar;C:\Users\hasra\.m2\repository\org\apache\logging\log4j\log4j-to-slf4j\2.24.1\log4j-to-slf4j-2.24.1.jar;C:\Users\hasra\.m2\repository\org\apache\logging\log4j\log4j-api\2.24.1\log4j-api-2.24.1.jar;C:\Users\hasra\.m2\repository\org\slf4j\jul-to-slf4j\2.0.16\jul-to-slf4j-2.0.16.jar;C:\Users\hasra\.m2\repository\jakarta\annotation\jakarta.annotation-api\2.1.1\jakarta.annotation-api-2.1.1.jar;C:\Users\hasra\.m2\repository\org\yaml\snakeyaml\2.3\snakeyaml-2.3.jar;C:\Users\hasra\.m2\repository\org\springframework\boot\spring-boot-starter-jdbc\3.4.0\spring-boot-starter-jdbc-3.4.0.jar;C:\Users\hasra\.m2\repository\com\zaxxer\HikariCP\5.1.0\HikariCP-5.1.0.jar;C:\Users\hasra\.m2\repository\org\springframework\spring-jdbc\6.2.0\spring-jdbc-6.2.0.jar;C:\Users\hasra\.m2\repository\org\hibernate\orm\hibernate-core\6.6.2.Final\hibernate-core-6.6.2.Final.jar;C:\Users\hasra\.m2\repository\jakarta\persistence\jakarta.persistence-api\3.1.0\jakarta.persistence-api-3.1.0.jar;C:\Users\hasra\.m2\repository\jakarta\transaction\jakarta.transaction-api\2.0.1\jakarta.transaction-api-2.0.1.jar;C:\Users\hasra\.m2\repository\org\jboss\logging\jb
Launcher Type: SUN_STANDARD

[Global flags]
     intx CICompilerCount                          = 4                                         {product} {ergonomic}
     uint ConcGCThreads                            = 2                                         {product} {ergonomic}
     uint G1ConcRefinementThreads                  = 8                                         {product} {ergonomic}
   size_t G1HeapRegionSize                         = 1048576                                   {product} {ergonomic}
    uintx GCDrainStackTargetSize                   = 64                                        {product} {ergonomic}
   size_t InitialHeapSize                          = 130023424                                 {product} {ergonomic}
   size_t MarkStackSize                            = 4194304                                   {product} {ergonomic}
   size_t MaxHeapSize                              = 2078277632                                {product} {ergonomic}
   size_t MaxNewSize                               = 1246756864                                {product} {ergonomic}
   size_t MinHeapDeltaBytes                        = 1048576                                   {product} {ergonomic}
   size_t MinHeapSize                              = 8388608                                   {product} {ergonomic}
    uintx NonNMethodCodeHeapSize                   = 5839372                                {pd product} {ergonomic}
    uintx NonProfiledCodeHeapSize                  = 122909434                              {pd product} {ergonomic}
    uintx ProfiledCodeHeapSize                     = 122909434                              {pd product} {ergonomic}
    uintx ReservedCodeCacheSize                    = 251658240                              {pd product} {ergonomic}
     bool SegmentedCodeCache                       = true                                      {product} {ergonomic}
   size_t SoftMaxHeapSize                          = 2078277632                             {manageable} {ergonomic}
     bool UseCompressedClassPointers               = true                           {product lp64_product} {ergonomic}
     bool UseCompressedOops                        = true                           {product lp64_product} {ergonomic}
     bool UseG1GC                                  = true                                      {product} {ergonomic}
     bool UseLargePagesIndividualAllocation        = false                                  {pd product} {ergonomic}

Logging:
Log output configuration:
 #0: stdout all=warning uptime,level,tags
 #1: stderr all=off uptime,level,tags

Environment Variables:
JAVA_HOME=C:\Program Files\Java\jdk-17
PATH=C:\Program Files\Common Files\Oracle\Java\javapath;C:\Users\hasra\Documents\NIBM\HND\ADBMS\WINDOWS.X64_193000_db_home\bin;C:\Program Files\Microsoft\jdk-11.0.12.7-hotspot\bin;C:\Windows\system32;C:\Windows;C:\Windows\System32\Wbem;C:\Windows\System32\WindowsPowerShell\v1.0\;C:\Windows\System32\OpenSSH\;C:\Program Files\dotnet\;C:\Program Files\NVIDIA Corporation\NVIDIA NvDLISR;C:\WINDOWS\system32;C:\WINDOWS;C:\WINDOWS\System32\Wbem;C:\WINDOWS\System32\WindowsPowerShell\v1.0\;C:\WINDOWS\System32\OpenSSH\;C:\Program Files\Microsoft SQL Server\Client SDK\ODBC\170\Tools\Binn\;C:\Program Files (x86)\Microsoft SQL Server\150\Tools\Binn\;C:\Program Files\Microsoft SQL Server\150\Tools\Binn\;C:\Program Files\Microsoft SQL Server\150\DTS\Binn\;C:\Program Files (x86)\Microsoft SQL Server\150\DTS\Binn\;C:\Program Files\Azure Data Studio\bin;C:\Program Files (x86)\NVIDIA Corporation\PhysX\Common;C:\Program Files\Java\jdk-17\bin;C:\Program Files\nodejs\;C:\Program Files\Git\cmd;C:\Program Files\MongoDB\mongosh-2.2.2-win32-x64\bin;C:\Program Files\PuTTY\;C:\Users\hasra\Documents\NIBM\HND\SS\sonar-scanner-6.2.1.4610-windows-x64\bin;C:\Users\hasra\Documents\NIBM\HND\MAD\sqlite;C:\Users\hasra\Documents\NIBM\HND\EAD2\Softwares\apache-maven-3.9.6-bin\apache-maven-3.9.6\bin;C:\Users\hasra\AppData\Local\Programs\Python\Python311\Scripts;C:\Users\hasra\AppData\Local\Programs\Python\Python313\Scripts\;C:\Users\hasra\AppData\Local\Programs\Python\Python313\;C:\Users\hasra\AppData\Local\Microsoft\WindowsApps;C:\Program Files\Azure Data Studio\bin;C:\Users\hasra\AppData\Local\Programs\Microsoft VS Code\bin;C:\Users\hasra\.dotnet\tools;C:\Users\hasra\AppData\Roaming\npm;C:\Users\hasra\AppData\Local\Programs\Python\Python311\Scripts;C:\Users\hasra\AppData\Local\Programs\Python\Python311;
USERNAME=hasra
OS=Windows_NT
PROCESSOR_IDENTIFIER=Intel64 Family 6 Model 140 Stepping 1, GenuineIntel



---------------  S Y S T E M  ---------------

OS:
 Windows 11 , 64 bit Build 22621 (10.0.22621.4391)
OS uptime: 4 days 2:16 hours
Hyper-V role detected

CPU: total 8 (initial active 8) (4 cores per cpu, 2 threads per core) family 6 model 140 stepping 1 microcode 0xb8, cx8, cmov, fxsr, ht, mmx, 3dnowpref, sse, sse2, sse3, ssse3, sse4.1, sse4.2, popcnt, lzcnt, tsc, tscinvbit, avx, avx2, aes, erms, clmul, bmi1, bmi2, adx, avx512f, avx512dq, avx512cd, avx512bw, avx512vl, sha, fma, vzeroupper, avx512_vpopcntdq, avx512_vpclmulqdq, avx512_vaes, avx512_vnni, clflush, clflushopt, clwb, avx512_vbmi2, avx512_vbmi, hv

Memory: 4k page, system-wide physical 7926M (623M free)
TotalPageFile size 24310M (AvailPageFile size 0M)
current process WorkingSet (physical memory assigned to process): 64M, peak: 64M
current process commit charge ("private bytes"): 221M, peak: 221M

vm_info: Java HotSpot(TM) 64-Bit Server VM (17.0.13+10-LTS-268) for windows-amd64 JRE (17.0.13+10-LTS-268), built on Sep 30 2024 06:33:13 by "mach5one" with MS VC++ 17.6 (VS2022)

END.
